<?xml version="1.0" encoding="UTF-8"?>
<coverage generated="1718392075757" clover="3.2.0">
  <project timestamp="1718392075757" name="All files">
    <metrics statements="95" coveredstatements="93" conditionals="11" coveredconditionals="8" methods="18" coveredmethods="18" elements="124" coveredelements="119" complexity="0" loc="95" ncloc="95" packages="8" files="13" classes="13"/>
    <package name="app">
      <metrics statements="20" coveredstatements="20" conditionals="1" coveredconditionals="1" methods="3" coveredmethods="3"/>
      <file name="StoreProvider.tsx" path="/home/dmitritan/sandbox/yolo/app/StoreProvider.tsx">
        <metrics statements="7" coveredstatements="7" conditionals="1" coveredconditionals="1" methods="1" coveredmethods="1"/>
        <line num="3" count="1" type="stmt"/>
        <line num="4" count="1" type="stmt"/>
        <line num="5" count="1" type="stmt"/>
        <line num="7" count="2" type="stmt"/>
        <line num="12" count="2" type="stmt"/>
        <line num="13" count="2" type="cond" truecount="1" falsecount="0"/>
        <line num="15" count="2" type="stmt"/>
      </file>
      <file name="page.tsx" path="/home/dmitritan/sandbox/yolo/app/page.tsx">
        <metrics statements="13" coveredstatements="13" conditionals="0" coveredconditionals="0" methods="2" coveredmethods="2"/>
        <line num="2" count="1" type="stmt"/>
        <line num="3" count="1" type="stmt"/>
        <line num="4" count="1" type="stmt"/>
        <line num="6" count="1" type="stmt"/>
        <line num="8" count="1" type="stmt"/>
        <line num="9" count="1" type="stmt"/>
        <line num="11" count="1" type="stmt"/>
        <line num="15" count="4" type="stmt"/>
        <line num="16" count="4" type="stmt"/>
        <line num="18" count="4" type="stmt"/>
        <line num="20" count="4" type="stmt"/>
        <line num="22" count="4" type="stmt"/>
        <line num="23" count="4" type="stmt"/>
      </file>
    </package>
    <package name="app.configs.datatable">
      <metrics statements="1" coveredstatements="1" conditionals="0" coveredconditionals="0" methods="0" coveredmethods="0"/>
      <file name="config.ts" path="/home/dmitritan/sandbox/yolo/app/configs/datatable/config.ts">
        <metrics statements="1" coveredstatements="1" conditionals="0" coveredconditionals="0" methods="0" coveredmethods="0"/>
        <line num="4" count="4" type="stmt"/>
      </file>
    </package>
    <package name="app.lib">
      <metrics statements="8" coveredstatements="8" conditionals="0" coveredconditionals="0" methods="1" coveredmethods="1"/>
      <file name="hooks.ts" path="/home/dmitritan/sandbox/yolo/app/lib/hooks.ts">
        <metrics statements="4" coveredstatements="4" conditionals="0" coveredconditionals="0" methods="0" coveredmethods="0"/>
        <line num="1" count="1" type="stmt"/>
        <line num="5" count="4" type="stmt"/>
        <line num="6" count="1" type="stmt"/>
        <line num="7" count="1" type="stmt"/>
      </file>
      <file name="store.ts" path="/home/dmitritan/sandbox/yolo/app/lib/store.ts">
        <metrics statements="4" coveredstatements="4" conditionals="0" coveredconditionals="0" methods="1" coveredmethods="1"/>
        <line num="1" count="1" type="stmt"/>
        <line num="2" count="1" type="stmt"/>
        <line num="4" count="2" type="stmt"/>
        <line num="5" count="2" type="stmt"/>
      </file>
    </package>
    <package name="app.store.countries.slice">
      <metrics statements="14" coveredstatements="14" conditionals="0" coveredconditionals="0" methods="4" coveredmethods="4"/>
      <file name="countries.slice.ts" path="/home/dmitritan/sandbox/yolo/app/store/countries/slice/countries.slice.ts">
        <metrics statements="14" coveredstatements="14" conditionals="0" coveredconditionals="0" methods="4" coveredmethods="4"/>
        <line num="6" count="1" type="stmt"/>
        <line num="7" count="1" type="stmt"/>
        <line num="8" count="1" type="stmt"/>
        <line num="18" count="1" type="stmt"/>
        <line num="20" count="1" type="stmt"/>
        <line num="30" count="1" type="stmt"/>
        <line num="31" count="1" type="stmt"/>
        <line num="36" count="1" type="stmt"/>
        <line num="43" count="1" type="stmt"/>
        <line num="44" count="1" type="stmt"/>
        <line num="49" count="1" type="stmt"/>
        <line num="50" count="1" type="stmt"/>
        <line num="53" count="1" type="stmt"/>
        <line num="54" count="4" type="stmt"/>
      </file>
    </package>
    <package name="app.store.countries.slice.reducers">
      <metrics statements="2" coveredstatements="2" conditionals="0" coveredconditionals="0" methods="1" coveredmethods="1"/>
      <file name="CountriesReducers.ts" path="/home/dmitritan/sandbox/yolo/app/store/countries/slice/reducers/CountriesReducers.ts">
        <metrics statements="2" coveredstatements="2" conditionals="0" coveredconditionals="0" methods="1" coveredmethods="1"/>
        <line num="4" count="1" type="stmt"/>
        <line num="6" count="2" type="stmt"/>
      </file>
    </package>
    <package name="app.store.countries.slice.state">
      <metrics statements="1" coveredstatements="1" conditionals="0" coveredconditionals="0" methods="0" coveredmethods="0"/>
      <file name="state.ts" path="/home/dmitritan/sandbox/yolo/app/store/countries/slice/state/state.ts">
        <metrics statements="1" coveredstatements="1" conditionals="0" coveredconditionals="0" methods="0" coveredmethods="0"/>
        <line num="3" count="4" type="stmt"/>
      </file>
    </package>
    <package name="components.ui">
      <metrics statements="45" coveredstatements="43" conditionals="10" coveredconditionals="7" methods="8" coveredmethods="8"/>
      <file name="card.tsx" path="/home/dmitritan/sandbox/yolo/components/ui/card.tsx">
        <metrics statements="9" coveredstatements="9" conditionals="0" coveredconditionals="0" methods="0" coveredmethods="0"/>
        <line num="1" count="1" type="stmt"/>
        <line num="3" count="1" type="stmt"/>
        <line num="18" count="1" type="stmt"/>
        <line num="30" count="1" type="stmt"/>
        <line num="45" count="1" type="stmt"/>
        <line num="57" count="1" type="stmt"/>
        <line num="65" count="1" type="stmt"/>
        <line num="77" count="1" type="stmt"/>
        <line num="79" count="4" type="stmt"/>
      </file>
      <file name="datatable.tsx" path="/home/dmitritan/sandbox/yolo/components/ui/datatable.tsx">
        <metrics statements="13" coveredstatements="13" conditionals="10" coveredconditionals="7" methods="7" coveredmethods="7"/>
        <line num="10" count="2" type="stmt"/>
        <line num="19" count="2" type="stmt"/>
        <line num="20" count="2" type="stmt"/>
        <line num="21" count="2" type="stmt"/>
        <line num="28" count="11" type="stmt"/>
        <line num="33" count="14" type="stmt"/>
        <line num="37" count="14" type="stmt"/>
        <line num="48" count="24" type="cond" truecount="1" falsecount="1"/>
        <line num="58" count="3" type="stmt"/>
        <line num="68" count="14" type="stmt"/>
        <line num="70" count="28" type="stmt"/>
        <line num="87" count="21" type="stmt"/>
        <line num="92" count="42" type="stmt"/>
      </file>
      <file name="input.tsx" path="/home/dmitritan/sandbox/yolo/components/ui/input.tsx">
        <metrics statements="5" coveredstatements="5" conditionals="0" coveredconditionals="0" methods="1" coveredmethods="1"/>
        <line num="1" count="2" type="stmt"/>
        <line num="3" count="2" type="stmt"/>
        <line num="8" count="2" type="stmt"/>
        <line num="23" count="2" type="stmt"/>
        <line num="25" count="14" type="stmt"/>
      </file>
      <file name="table.tsx" path="/home/dmitritan/sandbox/yolo/components/ui/table.tsx">
        <metrics statements="18" coveredstatements="16" conditionals="0" coveredconditionals="0" methods="0" coveredmethods="0"/>
        <line num="1" count="2" type="stmt"/>
        <line num="3" count="2" type="stmt"/>
        <line num="17" count="2" type="stmt"/>
        <line num="25" count="2" type="stmt"/>
        <line num="37" count="2" type="stmt"/>
        <line num="52" count="2" type="stmt"/>
        <line num="67" count="2" type="stmt"/>
        <line num="82" count="2" type="stmt"/>
        <line num="94" count="2" type="stmt"/>
        <line num="106" count="2" type="stmt"/>
        <line num="109" count="14" type="stmt"/>
        <line num="110" count="14" type="stmt"/>
        <line num="111" count="14" type="stmt"/>
        <line num="112" count="0" type="stmt"/>
        <line num="113" count="28" type="stmt"/>
        <line num="114" count="36" type="stmt"/>
        <line num="115" count="43" type="stmt"/>
        <line num="116" count="0" type="stmt"/>
      </file>
    </package>
    <package name="lib">
      <metrics statements="4" coveredstatements="4" conditionals="0" coveredconditionals="0" methods="1" coveredmethods="1"/>
      <file name="utils.ts" path="/home/dmitritan/sandbox/yolo/lib/utils.ts">
        <metrics statements="4" coveredstatements="4" conditionals="0" coveredconditionals="0" methods="1" coveredmethods="1"/>
        <line num="1" count="2" type="stmt"/>
        <line num="2" count="2" type="stmt"/>
        <line num="4" count="167" type="stmt"/>
        <line num="5" count="167" type="stmt"/>
      </file>
    </package>
  </project>
</coverage>
