{"/home/dmitritan/sandbox/yolo/app/StoreProvider.tsx": {"path":"/home/dmitritan/sandbox/yolo/app/StoreProvider.tsx","statementMap":{"0":{"start":{"line":7,"column":24},"end":{"line":7,"column":38}},"1":{"start":{"line":3,"column":34},"end":{"line":3,"column":null}},"2":{"start":{"line":4,"column":25},"end":{"line":4,"column":null}},"3":{"start":{"line":5,"column":36},"end":{"line":5,"column":null}},"4":{"start":{"line":12,"column":19},"end":{"line":12,"column":null}},"5":{"start":{"line":13,"column":2},"end":{"line":16,"column":null}},"6":{"start":{"line":15,"column":4},"end":{"line":15,"column":null}}},"fnMap":{"0":{"name":"StoreProvider","decl":{"start":{"line":7,"column":24},"end":{"line":7,"column":38}},"loc":{"start":{"line":11,"column":1},"end":{"line":19,"column":null}}}},"branchMap":{"0":{"loc":{"start":{"line":13,"column":2},"end":{"line":16,"column":null}},"type":"if","locations":[{"start":{"line":13,"column":2},"end":{"line":16,"column":null}}]}},"s":{"0":2,"1":1,"2":1,"3":1,"4":2,"5":2,"6":2},"f":{"0":2},"b":{"0":[2]}}
,"/home/dmitritan/sandbox/yolo/app/page.tsx": {"path":"/home/dmitritan/sandbox/yolo/app/page.tsx","statementMap":{"0":{"start":{"line":15,"column":24},"end":{"line":15,"column":null}},"1":{"start":{"line":2,"column":26},"end":{"line":2,"column":null}},"2":{"start":{"line":3,"column":32},"end":{"line":3,"column":null}},"3":{"start":{"line":4,"column":50},"end":{"line":4,"column":null}},"4":{"start":{"line":6,"column":24},"end":{"line":6,"column":null}},"5":{"start":{"line":8,"column":19},"end":{"line":8,"column":null}},"6":{"start":{"line":9,"column":29},"end":{"line":9,"column":null}},"7":{"start":{"line":11,"column":27},"end":{"line":11,"column":null}},"8":{"start":{"line":16,"column":32},"end":{"line":16,"column":null}},"9":{"start":{"line":18,"column":87},"end":{"line":18,"column":99}},"10":{"start":{"line":20,"column":51},"end":{"line":20,"column":null}},"11":{"start":{"line":22,"column":2},"end":{"line":24,"column":null}},"12":{"start":{"line":23,"column":4},"end":{"line":23,"column":null}}},"fnMap":{"0":{"name":"Page","decl":{"start":{"line":15,"column":24},"end":{"line":15,"column":null}},"loc":{"start":{"line":15,"column":24},"end":{"line":33,"column":null}}},"1":{"name":"(anonymous_5)","decl":{"start":{"line":22,"column":12},"end":{"line":22,"column":null}},"loc":{"start":{"line":22,"column":12},"end":{"line":24,"column":4}}}},"branchMap":{},"s":{"0":4,"1":1,"2":1,"3":1,"4":1,"5":1,"6":1,"7":1,"8":4,"9":4,"10":4,"11":4,"12":4},"f":{"0":4,"1":4},"b":{}}
,"/home/dmitritan/sandbox/yolo/app/configs/datatable/config.ts": {"path":"/home/dmitritan/sandbox/yolo/app/configs/datatable/config.ts","statementMap":{"0":{"start":{"line":4,"column":13},"end":{"line":4,"column":97}},"1":{"start":{"line":4,"column":97},"end":{"line":14,"column":null}}},"fnMap":{},"branchMap":{},"s":{"0":4,"1":1},"f":{},"b":{}}
,"/home/dmitritan/sandbox/yolo/app/lib/hooks.ts": {"path":"/home/dmitritan/sandbox/yolo/app/lib/hooks.ts","statementMap":{"0":{"start":{"line":5,"column":13},"end":{"line":5,"column":27}},"1":{"start":{"line":6,"column":13},"end":{"line":6,"column":27}},"2":{"start":{"line":7,"column":13},"end":{"line":7,"column":24}},"3":{"start":{"line":1,"column":51},"end":{"line":1,"column":null}},"4":{"start":{"line":5,"column":30},"end":{"line":5,"column":null}},"5":{"start":{"line":6,"column":30},"end":{"line":6,"column":null}},"6":{"start":{"line":7,"column":27},"end":{"line":7,"column":null}}},"fnMap":{},"branchMap":{},"s":{"0":4,"1":0,"2":0,"3":1,"4":1,"5":1,"6":1},"f":{},"b":{}}
,"/home/dmitritan/sandbox/yolo/app/lib/store.ts": {"path":"/home/dmitritan/sandbox/yolo/app/lib/store.ts","statementMap":{"0":{"start":{"line":4,"column":13},"end":{"line":4,"column":25}},"1":{"start":{"line":1,"column":31},"end":{"line":1,"column":null}},"2":{"start":{"line":2,"column":33},"end":{"line":2,"column":null}},"3":{"start":{"line":4,"column":25},"end":{"line":11,"column":null}},"4":{"start":{"line":5,"column":2},"end":{"line":10,"column":null}}},"fnMap":{"0":{"name":"(anonymous_1)","decl":{"start":{"line":4,"column":25},"end":{"line":4,"column":null}},"loc":{"start":{"line":4,"column":25},"end":{"line":11,"column":null}}}},"branchMap":{},"s":{"0":2,"1":1,"2":1,"3":1,"4":2},"f":{"0":2},"b":{}}
,"/home/dmitritan/sandbox/yolo/app/store/countries/slice/countries.slice.ts": {"path":"/home/dmitritan/sandbox/yolo/app/store/countries/slice/countries.slice.ts","statementMap":{"0":{"start":{"line":49,"column":13},"end":{"line":49,"column":29}},"1":{"start":{"line":50,"column":13},"end":{"line":50,"column":29}},"2":{"start":{"line":45,"column":13},"end":{"line":45,"column":30}},"3":{"start":{"line":15,"column":13},"end":{"line":15,"column":27}},"4":{"start":{"line":6,"column":7},"end":{"line":6,"column":null}},"5":{"start":{"line":7,"column":34},"end":{"line":7,"column":null}},"6":{"start":{"line":8,"column":36},"end":{"line":8,"column":null}},"7":{"start":{"line":15,"column":72},"end":{"line":28,"column":null}},"8":{"start":{"line":17,"column":25},"end":{"line":25,"column":null}},"9":{"start":{"line":27,"column":8},"end":{"line":27,"column":null}},"10":{"start":{"line":30,"column":22},"end":{"line":43,"column":null}},"11":{"start":{"line":38,"column":8},"end":{"line":41,"column":null}},"12":{"start":{"line":40,"column":12},"end":{"line":40,"column":null}},"13":{"start":{"line":45,"column":33},"end":{"line":47,"column":null}},"14":{"start":{"line":46,"column":4},"end":{"line":46,"column":null}},"15":{"start":{"line":49,"column":32},"end":{"line":49,"column":54}},"16":{"start":{"line":50,"column":32},"end":{"line":50,"column":54}}},"fnMap":{"0":{"name":"(anonymous_5)","decl":{"start":{"line":16,"column":32},"end":{"line":16,"column":39}},"loc":{"start":{"line":16,"column":85},"end":{"line":28,"column":null}}},"1":{"name":"(anonymous_6)","decl":{"start":{"line":36,"column":19},"end":{"line":36,"column":20}},"loc":{"start":{"line":36,"column":20},"end":{"line":42,"column":null}}},"2":{"name":"(anonymous_7)","decl":{"start":{"line":38,"column":50},"end":{"line":38,"column":51}},"loc":{"start":{"line":38,"column":90},"end":{"line":41,"column":null}}},"3":{"name":"(anonymous_8)","decl":{"start":{"line":45,"column":33},"end":{"line":45,"column":34}},"loc":{"start":{"line":45,"column":34},"end":{"line":47,"column":null}}}},"branchMap":{},"s":{"0":1,"1":3,"2":1,"3":0,"4":1,"5":1,"6":1,"7":1,"8":0,"9":0,"10":1,"11":1,"12":0,"13":1,"14":1,"15":1,"16":1},"f":{"0":0,"1":1,"2":0,"3":1},"b":{}}
,"/home/dmitritan/sandbox/yolo/app/store/countries/slice/reducers/CountriesReducers.ts": {"path":"/home/dmitritan/sandbox/yolo/app/store/countries/slice/reducers/CountriesReducers.ts","statementMap":{"0":{"start":{"line":4,"column":13},"end":{"line":4,"column":121}},"1":{"start":{"line":4,"column":121},"end":{"line":8,"column":null}},"2":{"start":{"line":6,"column":9},"end":{"line":6,"column":null}}},"fnMap":{"0":{"name":"(anonymous_1)","decl":{"start":{"line":5,"column":18},"end":{"line":5,"column":19}},"loc":{"start":{"line":5,"column":26},"end":{"line":7,"column":null}}}},"branchMap":{},"s":{"0":1,"1":1,"2":2},"f":{"0":2},"b":{}}
,"/home/dmitritan/sandbox/yolo/app/store/countries/slice/state/state.ts": {"path":"/home/dmitritan/sandbox/yolo/app/store/countries/slice/state/state.ts","statementMap":{"0":{"start":{"line":3,"column":13},"end":{"line":3,"column":47}},"1":{"start":{"line":3,"column":47},"end":{"line":5,"column":null}}},"fnMap":{},"branchMap":{},"s":{"0":4,"1":1},"f":{},"b":{}}
,"/home/dmitritan/sandbox/yolo/components/ui/card.tsx": {"path":"/home/dmitritan/sandbox/yolo/components/ui/card.tsx","statementMap":{"0":{"start":{"line":79,"column":9},"end":{"line":79,"column":13}},"1":{"start":{"line":79,"column":67},"end":{"line":79,"column":78}},"2":{"start":{"line":79,"column":50},"end":{"line":79,"column":65}},"3":{"start":{"line":79,"column":27},"end":{"line":79,"column":37}},"4":{"start":{"line":79,"column":15},"end":{"line":79,"column":25}},"5":{"start":{"line":79,"column":39},"end":{"line":79,"column":48}},"6":{"start":{"line":1,"column":23},"end":{"line":1,"column":null}},"7":{"start":{"line":3,"column":19},"end":{"line":3,"column":null}},"8":{"start":{"line":18,"column":0},"end":{"line":18,"column":null}},"9":{"start":{"line":30,"column":0},"end":{"line":30,"column":null}},"10":{"start":{"line":45,"column":0},"end":{"line":45,"column":null}},"11":{"start":{"line":57,"column":0},"end":{"line":57,"column":null}},"12":{"start":{"line":65,"column":0},"end":{"line":65,"column":null}},"13":{"start":{"line":77,"column":0},"end":{"line":77,"column":null}}},"fnMap":{},"branchMap":{},"s":{"0":4,"1":0,"2":0,"3":0,"4":0,"5":0,"6":1,"7":1,"8":1,"9":1,"10":1,"11":1,"12":1,"13":1},"f":{},"b":{}}
,"/home/dmitritan/sandbox/yolo/components/ui/datatable.tsx": {"path":"/home/dmitritan/sandbox/yolo/components/ui/datatable.tsx","statementMap":{"0":{"start":{"line":28,"column":16},"end":{"line":28,"column":41}},"1":{"start":{"line":10,"column":7},"end":{"line":10,"column":null}},"2":{"start":{"line":19,"column":7},"end":{"line":19,"column":null}},"3":{"start":{"line":20,"column":20},"end":{"line":20,"column":null}},"4":{"start":{"line":21,"column":23},"end":{"line":21,"column":null}},"5":{"start":{"line":33,"column":46},"end":{"line":34,"column":null}},"6":{"start":{"line":37,"column":18},"end":{"line":46,"column":null}},"7":{"start":{"line":49,"column":21},"end":{"line":49,"column":null}},"8":{"start":{"line":49,"column":75},"end":{"line":49,"column":89}},"9":{"start":{"line":59,"column":28},"end":{"line":59,"column":null}},"10":{"start":{"line":69,"column":28},"end":{"line":69,"column":null}},"11":{"start":{"line":71,"column":36},"end":{"line":72,"column":null}},"12":{"start":{"line":88,"column":32},"end":{"line":89,"column":null}},"13":{"start":{"line":93,"column":40},"end":{"line":93,"column":null}}},"fnMap":{"0":{"name":"DataTable","decl":{"start":{"line":28,"column":16},"end":{"line":28,"column":41}},"loc":{"start":{"line":31,"column":101},"end":{"line":111,"column":null}}},"1":{"name":"(anonymous_2)","decl":{"start":{"line":49,"column":34},"end":{"line":49,"column":35}},"loc":{"start":{"line":49,"column":75},"end":{"line":49,"column":89}}},"2":{"name":"(anonymous_3)","decl":{"start":{"line":58,"column":34},"end":{"line":58,"column":35}},"loc":{"start":{"line":59,"column":28},"end":{"line":59,"column":null}}},"3":{"name":"(anonymous_4)","decl":{"start":{"line":68,"column":53},"end":{"line":68,"column":54}},"loc":{"start":{"line":69,"column":28},"end":{"line":69,"column":null}}},"4":{"name":"(anonymous_5)","decl":{"start":{"line":70,"column":57},"end":{"line":70,"column":58}},"loc":{"start":{"line":70,"column":58},"end":{"line":81,"column":null}}},"5":{"name":"(anonymous_6)","decl":{"start":{"line":87,"column":57},"end":{"line":87,"column":58}},"loc":{"start":{"line":88,"column":32},"end":{"line":89,"column":null}}},"6":{"name":"(anonymous_7)","decl":{"start":{"line":92,"column":63},"end":{"line":92,"column":64}},"loc":{"start":{"line":93,"column":40},"end":{"line":93,"column":null}}}},"branchMap":{"0":{"loc":{"start":{"line":49,"column":21},"end":{"line":49,"column":null}},"type":"binary-expr","locations":[{"start":{"line":49,"column":21},"end":{"line":49,"column":107}},{"start":{"line":49,"column":107},"end":{"line":49,"column":null}}]},"1":{"loc":{"start":{"line":53,"column":13},"end":{"line":53,"column":null}},"type":"binary-expr","locations":[{"start":{"line":53,"column":13},"end":{"line":53,"column":null}}]},"2":{"loc":{"start":{"line":57,"column":31},"end":{"line":57,"column":null}},"type":"binary-expr","locations":[{"start":{"line":57,"column":31},"end":{"line":57,"column":90}},{"start":{"line":57,"column":90},"end":{"line":57,"column":null}}]},"3":{"loc":{"start":{"line":73,"column":45},"end":{"line":77,"column":null}},"type":"cond-expr","locations":[{"start":{"line":74,"column":50},"end":{"line":74,"column":null}},{"start":{"line":75,"column":50},"end":{"line":77,"column":null}}]},"4":{"loc":{"start":{"line":87,"column":28},"end":{"line":89,"column":null}},"type":"cond-expr","locations":[{"start":{"line":87,"column":28},"end":{"line":89,"column":null}}]},"5":{"loc":{"start":{"line":90,"column":48},"end":{"line":90,"column":null}},"type":"binary-expr","locations":[{"start":{"line":90,"column":48},"end":{"line":90,"column":71}},{"start":{"line":90,"column":71},"end":{"line":90,"column":null}}]}},"s":{"0":11,"1":2,"2":2,"3":2,"4":2,"5":14,"6":14,"7":14,"8":24,"9":3,"10":14,"11":28,"12":21,"13":42},"f":{"0":14,"1":24,"2":3,"3":14,"4":28,"5":21,"6":42},"b":{"0":[14,0],"1":[14],"2":[14,11],"3":[0,28],"4":[13],"5":[21,0]}}
,"/home/dmitritan/sandbox/yolo/components/ui/input.tsx": {"path":"/home/dmitritan/sandbox/yolo/components/ui/input.tsx","statementMap":{"0":{"start":{"line":25,"column":9},"end":{"line":25,"column":null}},"1":{"start":{"line":1,"column":23},"end":{"line":1,"column":null}},"2":{"start":{"line":3,"column":19},"end":{"line":3,"column":null}},"3":{"start":{"line":8,"column":14},"end":{"line":21,"column":null}},"4":{"start":{"line":23,"column":0},"end":{"line":23,"column":null}}},"fnMap":{"0":{"name":"(anonymous_4)","decl":{"start":{"line":9,"column":2},"end":{"line":9,"column":3}},"loc":{"start":{"line":9,"column":34},"end":{"line":21,"column":null}}}},"branchMap":{},"s":{"0":14,"1":2,"2":2,"3":2,"4":2},"f":{"0":14},"b":{}}
,"/home/dmitritan/sandbox/yolo/components/ui/table.tsx": {"path":"/home/dmitritan/sandbox/yolo/components/ui/table.tsx","statementMap":{"0":{"start":{"line":109,"column":2},"end":{"line":109,"column":7}},"1":{"start":{"line":111,"column":2},"end":{"line":111,"column":11}},"2":{"start":{"line":116,"column":2},"end":{"line":116,"column":14}},"3":{"start":{"line":115,"column":2},"end":{"line":115,"column":11}},"4":{"start":{"line":112,"column":2},"end":{"line":112,"column":13}},"5":{"start":{"line":113,"column":2},"end":{"line":113,"column":11}},"6":{"start":{"line":110,"column":2},"end":{"line":110,"column":13}},"7":{"start":{"line":114,"column":2},"end":{"line":114,"column":10}},"8":{"start":{"line":1,"column":23},"end":{"line":1,"column":null}},"9":{"start":{"line":3,"column":19},"end":{"line":3,"column":null}},"10":{"start":{"line":17,"column":0},"end":{"line":17,"column":null}},"11":{"start":{"line":25,"column":0},"end":{"line":25,"column":null}},"12":{"start":{"line":37,"column":0},"end":{"line":37,"column":null}},"13":{"start":{"line":52,"column":0},"end":{"line":52,"column":null}},"14":{"start":{"line":67,"column":0},"end":{"line":67,"column":null}},"15":{"start":{"line":82,"column":0},"end":{"line":82,"column":null}},"16":{"start":{"line":94,"column":0},"end":{"line":94,"column":null}},"17":{"start":{"line":106,"column":0},"end":{"line":106,"column":null}}},"fnMap":{},"branchMap":{},"s":{"0":14,"1":14,"2":0,"3":43,"4":0,"5":28,"6":14,"7":36,"8":2,"9":2,"10":2,"11":2,"12":2,"13":2,"14":2,"15":2,"16":2,"17":2},"f":{},"b":{}}
,"/home/dmitritan/sandbox/yolo/lib/utils.ts": {"path":"/home/dmitritan/sandbox/yolo/lib/utils.ts","statementMap":{"0":{"start":{"line":4,"column":16},"end":{"line":4,"column":19}},"1":{"start":{"line":1,"column":38},"end":{"line":1,"column":null}},"2":{"start":{"line":2,"column":24},"end":{"line":2,"column":null}},"3":{"start":{"line":5,"column":2},"end":{"line":5,"column":null}}},"fnMap":{"0":{"name":"cn","decl":{"start":{"line":4,"column":16},"end":{"line":4,"column":19}},"loc":{"start":{"line":4,"column":42},"end":{"line":6,"column":null}}}},"branchMap":{},"s":{"0":167,"1":2,"2":2,"3":167},"f":{"0":167},"b":{}}
}
