TN:
SF:app/StoreProvider.tsx
FN:7,StoreProvider
FNF:1
FNH:1
FNDA:2,StoreProvider
DA:3,1
DA:4,1
DA:5,1
DA:7,2
DA:12,2
DA:13,2
DA:15,2
LF:7
LH:7
BRDA:13,0,0,2
BRF:1
BRH:1
end_of_record
TN:
SF:app/page.tsx
FN:15,Page
FN:22,(anonymous_5)
FNF:2
FNH:2
FNDA:4,Page
FNDA:4,(anonymous_5)
DA:2,1
DA:3,1
DA:4,1
DA:6,1
DA:8,1
DA:9,1
DA:11,1
DA:15,4
DA:16,4
DA:18,4
DA:20,4
DA:22,4
DA:23,4
LF:13
LH:13
BRF:0
BRH:0
end_of_record
TN:
SF:app/configs/datatable/config.ts
FNF:0
FNH:0
DA:4,4
LF:1
LH:1
BRF:0
BRH:0
end_of_record
TN:
SF:app/lib/hooks.ts
FNF:0
FNH:0
DA:1,1
DA:5,4
DA:6,1
DA:7,1
LF:4
LH:4
BRF:0
BRH:0
end_of_record
TN:
SF:app/lib/store.ts
FN:4,(anonymous_1)
FNF:1
FNH:1
FNDA:2,(anonymous_1)
DA:1,1
DA:2,1
DA:4,2
DA:5,2
LF:4
LH:4
BRF:0
BRH:0
end_of_record
TN:
SF:app/store/countries/slice/countries.slice.ts
FN:16,(anonymous_5)
FN:36,(anonymous_6)
FN:38,(anonymous_7)
FN:45,(anonymous_8)
FNF:4
FNH:2
FNDA:0,(anonymous_5)
FNDA:1,(anonymous_6)
FNDA:0,(anonymous_7)
FNDA:1,(anonymous_8)
DA:6,1
DA:7,1
DA:8,1
DA:15,1
DA:17,0
DA:27,0
DA:30,1
DA:38,1
DA:40,0
DA:45,1
DA:46,1
DA:49,1
DA:50,3
LF:13
LH:10
BRF:0
BRH:0
end_of_record
TN:
SF:app/store/countries/slice/reducers/CountriesReducers.ts
FN:5,(anonymous_1)
FNF:1
FNH:1
FNDA:2,(anonymous_1)
DA:4,1
DA:6,2
LF:2
LH:2
BRF:0
BRH:0
end_of_record
TN:
SF:app/store/countries/slice/state/state.ts
FNF:0
FNH:0
DA:3,4
LF:1
LH:1
BRF:0
BRH:0
end_of_record
TN:
SF:components/ui/card.tsx
FNF:0
FNH:0
DA:1,1
DA:3,1
DA:18,1
DA:30,1
DA:45,1
DA:57,1
DA:65,1
DA:77,1
DA:79,4
LF:9
LH:9
BRF:0
BRH:0
end_of_record
TN:
SF:components/ui/datatable.tsx
FN:28,DataTable
FN:49,(anonymous_2)
FN:58,(anonymous_3)
FN:68,(anonymous_4)
FN:70,(anonymous_5)
FN:87,(anonymous_6)
FN:92,(anonymous_7)
FNF:7
FNH:7
FNDA:14,DataTable
FNDA:24,(anonymous_2)
FNDA:3,(anonymous_3)
FNDA:14,(anonymous_4)
FNDA:28,(anonymous_5)
FNDA:21,(anonymous_6)
FNDA:42,(anonymous_7)
DA:10,2
DA:19,2
DA:20,2
DA:21,2
DA:28,11
DA:33,14
DA:37,14
DA:49,24
DA:59,3
DA:69,14
DA:71,28
DA:88,21
DA:93,42
LF:13
LH:13
BRDA:49,0,0,14
BRDA:49,0,1,0
BRDA:53,1,0,14
BRDA:57,2,0,14
BRDA:57,2,1,11
BRDA:73,3,0,0
BRDA:73,3,1,28
BRDA:87,4,0,13
BRDA:90,5,0,21
BRDA:90,5,1,0
BRF:10
BRH:7
end_of_record
TN:
SF:components/ui/input.tsx
FN:9,(anonymous_4)
FNF:1
FNH:1
FNDA:14,(anonymous_4)
DA:1,2
DA:3,2
DA:8,2
DA:23,2
DA:25,14
LF:5
LH:5
BRF:0
BRH:0
end_of_record
TN:
SF:components/ui/table.tsx
FNF:0
FNH:0
DA:1,2
DA:3,2
DA:17,2
DA:25,2
DA:37,2
DA:52,2
DA:67,2
DA:82,2
DA:94,2
DA:106,2
DA:109,14
DA:110,14
DA:111,14
DA:112,0
DA:113,28
DA:114,36
DA:115,43
DA:116,0
LF:18
LH:16
BRF:0
BRH:0
end_of_record
TN:
SF:lib/utils.ts
FN:4,cn
FNF:1
FNH:1
FNDA:167,cn
DA:1,2
DA:2,2
DA:4,167
DA:5,167
LF:4
LH:4
BRF:0
BRH:0
end_of_record
